<?xml version="1.0"?>
<testsuite name="Chrome Headless 112.0.5614.0 (Linux x86_64)" package="" timestamp="2025-02-10T11:00:24" id="0" hostname="ip-172-31-22-1" tests="25" errors="0" failures="16" time="0.209">
  <properties>
    <property name="browser.fullName" value="Mozilla/5.0 (X11; Linux x86_64) AppleWebKit/537.36 (KHTML, like Gecko) HeadlessChrome/112.0.5614.0 Safari/537.36"/>
  </properties>
  <testcase name="AddResourceComponent should require description field" time="0.031" classname="Chrome_Headless_112_0_5614_0_(Linux_x86_64).AddResourceComponent">
    <failure type="">Error: Method not implemented.
    at AddResourceComponent.call [as ngOnInit] (src/app/add-resource/add-resource.component.ts:15:11)
    at callHook (node_modules/@angular/core/fesm2020/core.mjs:2498:22)
    at callHooks (node_modules/@angular/core/fesm2020/core.mjs:2467:17)
    at executeInitAndCheckHooks (node_modules/@angular/core/fesm2020/core.mjs:2418:9)
    at refreshView (node_modules/@angular/core/fesm2020/core.mjs:12026:21)
    at detectChangesInternal (node_modules/@angular/core/fesm2020/core.mjs:13229:9)
    at RootViewRef.detectChanges (node_modules/@angular/core/fesm2020/core.mjs:13741:9)
    at ComponentFixture._tick (node_modules/@angular/core/fesm2020/testing.mjs:140:32)
    at apply (node_modules/@angular/core/fesm2020/testing.mjs:153:22)
    at _ZoneDelegate.invoke (node_modules/zone.js/fesm2015/zone.js:372:26)
</failure>
  </testcase>
  <testcase name="AddResourceComponent should require resourceType field" time="0.007" classname="Chrome_Headless_112_0_5614_0_(Linux_x86_64).AddResourceComponent">
    <failure type="">Error: Method not implemented.
    at AddResourceComponent.call [as ngOnInit] (src/app/add-resource/add-resource.component.ts:15:11)
    at callHook (node_modules/@angular/core/fesm2020/core.mjs:2498:22)
    at callHooks (node_modules/@angular/core/fesm2020/core.mjs:2467:17)
    at executeInitAndCheckHooks (node_modules/@angular/core/fesm2020/core.mjs:2418:9)
    at refreshView (node_modules/@angular/core/fesm2020/core.mjs:12026:21)
    at detectChangesInternal (node_modules/@angular/core/fesm2020/core.mjs:13229:9)
    at RootViewRef.detectChanges (node_modules/@angular/core/fesm2020/core.mjs:13741:9)
    at ComponentFixture._tick (node_modules/@angular/core/fesm2020/testing.mjs:140:32)
    at apply (node_modules/@angular/core/fesm2020/testing.mjs:153:22)
    at _ZoneDelegate.invoke (node_modules/zone.js/fesm2015/zone.js:372:26)
</failure>
  </testcase>
  <testcase name="AddResourceComponent should require availability field" time="0.008" classname="Chrome_Headless_112_0_5614_0_(Linux_x86_64).AddResourceComponent">
    <failure type="">Error: Method not implemented.
    at AddResourceComponent.call [as ngOnInit] (src/app/add-resource/add-resource.component.ts:15:11)
    at callHook (node_modules/@angular/core/fesm2020/core.mjs:2498:22)
    at callHooks (node_modules/@angular/core/fesm2020/core.mjs:2467:17)
    at executeInitAndCheckHooks (node_modules/@angular/core/fesm2020/core.mjs:2418:9)
    at refreshView (node_modules/@angular/core/fesm2020/core.mjs:12026:21)
    at detectChangesInternal (node_modules/@angular/core/fesm2020/core.mjs:13229:9)
    at RootViewRef.detectChanges (node_modules/@angular/core/fesm2020/core.mjs:13741:9)
    at ComponentFixture._tick (node_modules/@angular/core/fesm2020/testing.mjs:140:32)
    at apply (node_modules/@angular/core/fesm2020/testing.mjs:153:22)
    at _ZoneDelegate.invoke (node_modules/zone.js/fesm2015/zone.js:372:26)
</failure>
  </testcase>
  <testcase name="CreateEventComponent should validate form fields" time="0.01" classname="Chrome_Headless_112_0_5614_0_(Linux_x86_64).CreateEventComponent">
    <failure type="">TypeError: Cannot read properties of undefined (reading 'controls')
    at UserContext.apply (src/tests/create-event.component.spec.ts:27:42)
    at UserContext.apply (node_modules/zone.js/fesm2015/zone-testing.js:2030:30)
    at _ZoneDelegate.invoke (node_modules/zone.js/fesm2015/zone.js:372:26)
    at ProxyZoneSpec.onInvoke (node_modules/zone.js/fesm2015/zone-testing.js:287:39)
    at _ZoneDelegate.invoke (node_modules/zone.js/fesm2015/zone.js:371:52)
    at Zone.run (node_modules/zone.js/fesm2015/zone.js:134:43)
    at runInTestZone (node_modules/zone.js/fesm2015/zone-testing.js:582:34)
    at UserContext.&lt;anonymous&gt; (node_modules/zone.js/fesm2015/zone-testing.js:597:20)
    at &lt;Jasmine&gt;
</failure>
  </testcase>
  <testcase name="CreateEventComponent should validate form fields as invalid" time="0.005" classname="Chrome_Headless_112_0_5614_0_(Linux_x86_64).CreateEventComponent">
    <failure type="">TypeError: Cannot read properties of undefined (reading 'controls')
    at UserContext.apply (src/tests/create-event.component.spec.ts:57:42)
    at UserContext.apply (node_modules/zone.js/fesm2015/zone-testing.js:2030:30)
    at _ZoneDelegate.invoke (node_modules/zone.js/fesm2015/zone.js:372:26)
    at ProxyZoneSpec.onInvoke (node_modules/zone.js/fesm2015/zone-testing.js:287:39)
    at _ZoneDelegate.invoke (node_modules/zone.js/fesm2015/zone.js:371:52)
    at Zone.run (node_modules/zone.js/fesm2015/zone.js:134:43)
    at runInTestZone (node_modules/zone.js/fesm2015/zone-testing.js:582:34)
    at UserContext.&lt;anonymous&gt; (node_modules/zone.js/fesm2015/zone-testing.js:597:20)
    at &lt;Jasmine&gt;
</failure>
  </testcase>
  <testcase name="HttpService should be created" time="0.004" classname="Chrome_Headless_112_0_5614_0_(Linux_x86_64).HttpService"/>
  <testcase name="HttpService should get booking details" time="0.008" classname="Chrome_Headless_112_0_5614_0_(Linux_x86_64).HttpService">
    <failure type="">Expected 'Bearer null' to be 'Bearer mockToken'.
    at &lt;Jasmine&gt;
    at UserContext.apply (src/tests/http.service.spec.ts:55:54)
    at _ZoneDelegate.invoke (node_modules/zone.js/fesm2015/zone.js:372:26)
    at ProxyZoneSpec.onInvoke (node_modules/zone.js/fesm2015/zone-testing.js:287:39)
    at _ZoneDelegate.invoke (node_modules/zone.js/fesm2015/zone.js:371:52)
</failure>
  </testcase>
  <testcase name="HttpService should get all events" time="0.004" classname="Chrome_Headless_112_0_5614_0_(Linux_x86_64).HttpService">
    <failure type="">Expected 'Bearer null' to be 'Bearer mockToken'.
    at &lt;Jasmine&gt;
    at UserContext.apply (src/tests/http.service.spec.ts:71:54)
    at _ZoneDelegate.invoke (node_modules/zone.js/fesm2015/zone.js:372:26)
    at ProxyZoneSpec.onInvoke (node_modules/zone.js/fesm2015/zone-testing.js:287:39)
    at _ZoneDelegate.invoke (node_modules/zone.js/fesm2015/zone.js:371:52)
</failure>
  </testcase>
  <testcase name="HttpService should get all resources" time="0.004" classname="Chrome_Headless_112_0_5614_0_(Linux_x86_64).HttpService">
    <failure type="">Expected 'Bearer null' to be 'Bearer mockToken'.
    at &lt;Jasmine&gt;
    at UserContext.apply (src/tests/http.service.spec.ts:85:54)
    at _ZoneDelegate.invoke (node_modules/zone.js/fesm2015/zone.js:372:26)
    at ProxyZoneSpec.onInvoke (node_modules/zone.js/fesm2015/zone-testing.js:287:39)
    at _ZoneDelegate.invoke (node_modules/zone.js/fesm2015/zone.js:371:52)
</failure>
  </testcase>
  <testcase name="HttpService should create event" time="0.003" classname="Chrome_Headless_112_0_5614_0_(Linux_x86_64).HttpService">
    <failure type="">Expected 'Bearer null' to be 'Bearer mockToken'.
    at &lt;Jasmine&gt;
    at UserContext.apply (src/tests/http.service.spec.ts:101:54)
    at _ZoneDelegate.invoke (node_modules/zone.js/fesm2015/zone.js:372:26)
    at ProxyZoneSpec.onInvoke (node_modules/zone.js/fesm2015/zone-testing.js:287:39)
    at _ZoneDelegate.invoke (node_modules/zone.js/fesm2015/zone.js:371:52)
</failure>
  </testcase>
  <testcase name="HttpService should update event" time="0.003" classname="Chrome_Headless_112_0_5614_0_(Linux_x86_64).HttpService">
    <failure type="">Expected 'Bearer null' to be 'Bearer mockToken'.
    at &lt;Jasmine&gt;
    at UserContext.apply (src/tests/http.service.spec.ts:118:54)
    at _ZoneDelegate.invoke (node_modules/zone.js/fesm2015/zone.js:372:26)
    at ProxyZoneSpec.onInvoke (node_modules/zone.js/fesm2015/zone-testing.js:287:39)
    at _ZoneDelegate.invoke (node_modules/zone.js/fesm2015/zone.js:371:52)
</failure>
  </testcase>
  <testcase name="HttpService should add resource" time="0.006" classname="Chrome_Headless_112_0_5614_0_(Linux_x86_64).HttpService">
    <failure type="">Expected 'Bearer null' to be 'Bearer mockToken'.
    at &lt;Jasmine&gt;
    at UserContext.apply (src/tests/http.service.spec.ts:134:54)
    at _ZoneDelegate.invoke (node_modules/zone.js/fesm2015/zone.js:372:26)
    at ProxyZoneSpec.onInvoke (node_modules/zone.js/fesm2015/zone-testing.js:287:39)
    at _ZoneDelegate.invoke (node_modules/zone.js/fesm2015/zone.js:371:52)
</failure>
  </testcase>
  <testcase name="HttpService should allocate resources" time="0.003" classname="Chrome_Headless_112_0_5614_0_(Linux_x86_64).HttpService">
    <failure type="">Expected 'Bearer null' to be 'Bearer mockToken'.
    at &lt;Jasmine&gt;
    at UserContext.apply (src/tests/http.service.spec.ts:152:54)
    at _ZoneDelegate.invoke (node_modules/zone.js/fesm2015/zone.js:372:26)
    at ProxyZoneSpec.onInvoke (node_modules/zone.js/fesm2015/zone-testing.js:287:39)
    at _ZoneDelegate.invoke (node_modules/zone.js/fesm2015/zone.js:371:52)
</failure>
  </testcase>
  <testcase name="HttpService should login" time="0.005" classname="Chrome_Headless_112_0_5614_0_(Linux_x86_64).HttpService"/>
  <testcase name="HttpService should register user" time="0.003" classname="Chrome_Headless_112_0_5614_0_(Linux_x86_64).HttpService"/>
  <testcase name="LoginComponent should have invalid form if username and password are empty" time="0.03" classname="Chrome_Headless_112_0_5614_0_(Linux_x86_64).LoginComponent"/>
  <testcase name="LoginComponent should have invalid form if username or password is empty" time="0.007" classname="Chrome_Headless_112_0_5614_0_(Linux_x86_64).LoginComponent"/>
  <testcase name="LoginComponent should have valid form if username and password are provided" time="0.008" classname="Chrome_Headless_112_0_5614_0_(Linux_x86_64).LoginComponent"/>
  <testcase name="RegistrationComponent should have invalid form if any field is empty" time="0.024" classname="Chrome_Headless_112_0_5614_0_(Linux_x86_64).RegistrationComponent"/>
  <testcase name="RegistrationComponent should have invalid form if email is invalid" time="0.007" classname="Chrome_Headless_112_0_5614_0_(Linux_x86_64).RegistrationComponent"/>
  <testcase name="RegistrationComponent should have valid form if all fields are filled correctly" time="0.01" classname="Chrome_Headless_112_0_5614_0_(Linux_x86_64).RegistrationComponent"/>
  <testcase name="ResourceAllocateComponent should validate form fields as invalid when eventid is empty" time="0.005" classname="Chrome_Headless_112_0_5614_0_(Linux_x86_64).ResourceAllocateComponent">
    <failure type="">TypeError: Cannot read properties of undefined (reading 'controls')
    at UserContext.apply (src/tests/resource-allocate.component.spec.ts:28:45)
    at UserContext.apply (node_modules/zone.js/fesm2015/zone-testing.js:2030:30)
    at _ZoneDelegate.invoke (node_modules/zone.js/fesm2015/zone.js:372:26)
    at ProxyZoneSpec.onInvoke (node_modules/zone.js/fesm2015/zone-testing.js:287:39)
    at _ZoneDelegate.invoke (node_modules/zone.js/fesm2015/zone.js:371:52)
    at Zone.run (node_modules/zone.js/fesm2015/zone.js:134:43)
    at runInTestZone (node_modules/zone.js/fesm2015/zone-testing.js:582:34)
    at UserContext.&lt;anonymous&gt; (node_modules/zone.js/fesm2015/zone-testing.js:597:20)
    at &lt;Jasmine&gt;
</failure>
  </testcase>
  <testcase name="ResourceAllocateComponent should validate form fields as invalid when resourceId is empty" time="0.005" classname="Chrome_Headless_112_0_5614_0_(Linux_x86_64).ResourceAllocateComponent">
    <failure type="">TypeError: Cannot read properties of undefined (reading 'controls')
    at UserContext.apply (src/tests/resource-allocate.component.spec.ts:41:45)
    at UserContext.apply (node_modules/zone.js/fesm2015/zone-testing.js:2030:30)
    at _ZoneDelegate.invoke (node_modules/zone.js/fesm2015/zone.js:372:26)
    at ProxyZoneSpec.onInvoke (node_modules/zone.js/fesm2015/zone-testing.js:287:39)
    at _ZoneDelegate.invoke (node_modules/zone.js/fesm2015/zone.js:371:52)
    at Zone.run (node_modules/zone.js/fesm2015/zone.js:134:43)
    at runInTestZone (node_modules/zone.js/fesm2015/zone-testing.js:582:34)
    at UserContext.&lt;anonymous&gt; (node_modules/zone.js/fesm2015/zone-testing.js:597:20)
    at &lt;Jasmine&gt;
</failure>
  </testcase>
  <testcase name="ViewEventsComponent should validate form fields as invalid when title is empty" time="0.005" classname="Chrome_Headless_112_0_5614_0_(Linux_x86_64).ViewEventsComponent">
    <failure type="">TypeError: Cannot read properties of undefined (reading 'controls')
    at UserContext.apply (src/tests/view-events.component.spec.ts:27:42)
    at UserContext.apply (node_modules/zone.js/fesm2015/zone-testing.js:2030:30)
    at _ZoneDelegate.invoke (node_modules/zone.js/fesm2015/zone.js:372:26)
    at ProxyZoneSpec.onInvoke (node_modules/zone.js/fesm2015/zone-testing.js:287:39)
    at _ZoneDelegate.invoke (node_modules/zone.js/fesm2015/zone.js:371:52)
    at Zone.run (node_modules/zone.js/fesm2015/zone.js:134:43)
    at runInTestZone (node_modules/zone.js/fesm2015/zone-testing.js:582:34)
    at UserContext.&lt;anonymous&gt; (node_modules/zone.js/fesm2015/zone-testing.js:597:20)
    at &lt;Jasmine&gt;
</failure>
  </testcase>
  <testcase name="ViewEventsComponent should validate form fields as invalid when description is empty" time="0.004" classname="Chrome_Headless_112_0_5614_0_(Linux_x86_64).ViewEventsComponent">
    <failure type="">TypeError: Cannot read properties of undefined (reading 'controls')
    at UserContext.apply (src/tests/view-events.component.spec.ts:41:42)
    at UserContext.apply (node_modules/zone.js/fesm2015/zone-testing.js:2030:30)
    at _ZoneDelegate.invoke (node_modules/zone.js/fesm2015/zone.js:372:26)
    at ProxyZoneSpec.onInvoke (node_modules/zone.js/fesm2015/zone-testing.js:287:39)
    at _ZoneDelegate.invoke (node_modules/zone.js/fesm2015/zone.js:371:52)
    at Zone.run (node_modules/zone.js/fesm2015/zone.js:134:43)
    at runInTestZone (node_modules/zone.js/fesm2015/zone-testing.js:582:34)
    at UserContext.&lt;anonymous&gt; (node_modules/zone.js/fesm2015/zone-testing.js:597:20)
    at &lt;Jasmine&gt;
</failure>
  </testcase>
  <system-out>
    <![CDATA[
]]>
  </system-out>
  <system-err/>
</testsuite>